1.6224751201390507e+09	debug	zap/zap.go:99	logger construction succeeded
	1.6224751201391304e+09	info	zap/zap.go:50	
	1.6224751201428654e+09	debug	ginserver/grpcServerMain.go:33	start runserver
	1.622475120143023e+09	debug	ginserver/grpcServerMain.go:43	userGrpcConfig: {Code:userGrpc DriverName:tcp UrlAddress:localhost:5052 DbName:}

	1.6224751201430392e+09	debug	dataservicefactory/userDataServiceFactoryWrapper.go:16	UserDataServiceFactory
	1.6224751201430557e+09	debug	userdataservicefactory/sqlUserDataServiceFactory.go:19	sqlUserDataServiceFactory
	1.6224751201430664e+09	debug	datastorefactory/sqlFactory.go:18	sqlFactory
	1.6224751250038822e+09	debug	userdataservicefactory/sqlUserDataServiceFactory.go:27	uds:&{0xc0000e6600}
	1.6224751250039773e+09	debug	dataservicefactory/txDataServiceFactory.go:18	txDataServiceFactory
	1.6224751250039928e+09	debug	datastorefactory/sqlFactory.go:18	sqlFactory
	1.622475125004008e+09	debug	datastorefactory/sqlFactory.go:25	found db in container for key:sqldb
	1.6224751250040233e+09	debug	dataservicefactory/txDataServiceFactory.go:26	udm:&{0xc0000e6600}
	1.6224751818203664e+09	debug	zap/zap.go:99	logger construction succeeded
	1.6224751818204455e+09	info	zap/zap.go:50	
	1.622475181831806e+09	debug	ginserver/grpcServerMain.go:33	start runserver
	1.6224751818320408e+09	debug	ginserver/grpcServerMain.go:43	userGrpcConfig: {Code:userGrpc DriverName:tcp UrlAddress:localhost:5052 DbName:}

	1.6224751818320677e+09	debug	dataservicefactory/userDataServiceFactoryWrapper.go:16	UserDataServiceFactory
	1.6224751818320932e+09	debug	userdataservicefactory/sqlUserDataServiceFactory.go:19	sqlUserDataServiceFactory
	1.6224751818321075e+09	debug	datastorefactory/sqlFactory.go:18	sqlFactory
	1.622475186355307e+09	debug	userdataservicefactory/sqlUserDataServiceFactory.go:27	uds:&{0xc0000e6600}
	1.6224751863553894e+09	debug	dataservicefactory/txDataServiceFactory.go:18	txDataServiceFactory
	1.6224751863554056e+09	debug	datastorefactory/sqlFactory.go:18	sqlFactory
	1.6224751863554199e+09	debug	datastorefactory/sqlFactory.go:25	found db in container for key:sqldb
	1.6224751863554354e+09	debug	dataservicefactory/txDataServiceFactory.go:26	udm:&{0xc0000e6600}
	1.6224752203781688e+09	debug	zap/zap.go:99	logger construction succeeded
	1.622475220378362e+09	info	zap/zap.go:50	
	1.6224752203819113e+09	debug	ginserver/grpcServerMain.go:33	start runserver
	1.622475220382064e+09	debug	ginserver/grpcServerMain.go:43	userGrpcConfig: {Code:userGrpc DriverName:tcp UrlAddress:localhost:5052 DbName:}

	1.622475220382081e+09	debug	dataservicefactory/userDataServiceFactoryWrapper.go:16	UserDataServiceFactory
	1.6224752203820977e+09	debug	userdataservicefactory/sqlUserDataServiceFactory.go:19	sqlUserDataServiceFactory
	1.6224752203821092e+09	debug	datastorefactory/sqlFactory.go:18	sqlFactory
	1.6224752249221544e+09	debug	userdataservicefactory/sqlUserDataServiceFactory.go:27	uds:&{0xc0000e6600}
	1.6224752249222348e+09	debug	dataservicefactory/txDataServiceFactory.go:18	txDataServiceFactory
	1.6224752249222515e+09	debug	datastorefactory/sqlFactory.go:18	sqlFactory
	1.6224752249222658e+09	debug	datastorefactory/sqlFactory.go:25	found db in container for key:sqldb
	1.6224752249222815e+09	debug	dataservicefactory/txDataServiceFactory.go:26	udm:&{0xc0000e6600}
	1.6224752321948974e+09	error	sqldb/userDataSql.go:151	rowsToUser failed:sql: expected 6 destination arguments in Scan, not 1

tdapi/dataservice/userdata/sqldb.rowsToUser
	/home/game/tdServices/tdapi/dataservice/userdata/sqldb/userDataSql.go:70
tdapi/dataservice/userdata/sqldb.(*UserDataSql).GetAllClient
	/home/game/tdServices/tdapi/dataservice/userdata/sqldb/userDataSql.go:149
tdapi/usecase/clientmanager.GetAllClient
	/home/game/tdServices/tdapi/usecase/clientmanager/clientmanager.go:32
tdapi/usecase/clientmanager.(*ClientManagerUseCase).LoadUserList
	/home/game/tdServices/tdapi/usecase/clientmanager/clientmanager.go:27
main.LoadTdList
	/home/game/tdServices/tdapi/cmd/ginserver/grpcServerMain.go:98
main.runServer
	/home/game/tdServices/tdapi/cmd/ginserver/grpcServerMain.go:45
main.main
	/home/game/tdServices/tdapi/cmd/ginserver/grpcServerMain.go:60
runtime.main
	/usr/lib/golang/src/runtime/proc.go:203
runtime.goexit
	/usr/lib/golang/src/runtime/asm_amd64.s:1373

tdapi/dataservice/userdata/sqldb.(*UserDataSql).GetAllClient
	/home/game/tdServices/tdapi/dataservice/userdata/sqldb/userDataSql.go:151
tdapi/usecase/clientmanager.GetAllClient
	/home/game/tdServices/tdapi/usecase/clientmanager/clientmanager.go:32
tdapi/usecase/clientmanager.(*ClientManagerUseCase).LoadUserList
	/home/game/tdServices/tdapi/usecase/clientmanager/clientmanager.go:27
main.LoadTdList
	/home/game/tdServices/tdapi/cmd/ginserver/grpcServerMain.go:98
main.runServer
	/home/game/tdServices/tdapi/cmd/ginserver/grpcServerMain.go:45
main.main
	/home/game/tdServices/tdapi/cmd/ginserver/grpcServerMain.go:60
runtime.main
	/usr/lib/golang/src/runtime/proc.go:203
	1.622481533579718e+09	debug	zap/zap.go:99	logger construction succeeded
	1.622481533580041e+09	info	zap/zap.go:50	
	1.6224815335872016e+09	debug	ginserver/grpcServerMain.go:33	start runserver
	1.6224815335874085e+09	debug	ginserver/grpcServerMain.go:43	userGrpcConfig: {Code:userGrpc DriverName:tcp UrlAddress:localhost:5052 DbName:}

	1.6224815335874293e+09	debug	dataservicefactory/userDataServiceFactoryWrapper.go:16	UserDataServiceFactory
	1.6224815335874476e+09	debug	userdataservicefactory/sqlUserDataServiceFactory.go:19	sqlUserDataServiceFactory
	1.6224815335874586e+09	debug	datastorefactory/sqlFactory.go:19	sqlFactory
	1.622481538986419e+09	debug	userdataservicefactory/sqlUserDataServiceFactory.go:27	uds:&{0xc00034d9e0}
	1.6224815389865236e+09	debug	dataservicefactory/txDataServiceFactory.go:18	txDataServiceFactory
	1.622481538986549e+09	debug	datastorefactory/sqlFactory.go:19	sqlFactory
	1.6224815389865718e+09	debug	datastorefactory/sqlFactory.go:26	found db in container for key:sqldb
	1.6224815389865968e+09	debug	dataservicefactory/txDataServiceFactory.go:26	udm:&{0xc00034d9e0}
	1.6225287899475114e+09	debug	zap/zap.go:99	logger construction succeeded
	1.622528789948802e+09	info	zap/zap.go:50	
	1.6225287899723296e+09	debug	ginserver/grpcServerMain.go:33	start runserver
	1.622528789972624e+09	debug	ginserver/grpcServerMain.go:43	userGrpcConfig: {Code:userGrpc DriverName:tcp UrlAddress:localhost:5052 DbName:}

	1.6225287899727485e+09	debug	dataservicefactory/userDataServiceFactoryWrapper.go:16	UserDataServiceFactory
	1.622528789972842e+09	debug	userdataservicefactory/sqlUserDataServiceFactory.go:19	sqlUserDataServiceFactory
	1.6225287899728868e+09	debug	datastorefactory/sqlFactory.go:19	sqlFactory
	1.6225287949031029e+09	debug	userdataservicefactory/sqlUserDataServiceFactory.go:27	uds:&{0xc00034d9e0}
	1.6225287949051745e+09	debug	dataservicefactory/txDataServiceFactory.go:18	txDataServiceFactory
	1.6225287949058402e+09	debug	datastorefactory/sqlFactory.go:19	sqlFactory
	1.6225287949059958e+09	debug	datastorefactory/sqlFactory.go:26	found db in container for key:sqldb
	1.6225287949060595e+09	debug	dataservicefactory/txDataServiceFactory.go:26	udm:&{0xc00034d9e0}
	1.6225324026236722e+09	debug	zap/zap.go:99	logger construction succeeded
	1.6225324026237757e+09	info	zap/zap.go:50	
	1.6225324026399515e+09	debug	ginserver/grpcServerMain.go:33	start runserver
	1.6225324026401463e+09	debug	ginserver/grpcServerMain.go:43	userGrpcConfig: {Code:userGrpc DriverName:tcp UrlAddress:localhost:5052 DbName:}

	1.6225324026401696e+09	debug	dataservicefactory/userDataServiceFactoryWrapper.go:16	UserDataServiceFactory
	1.622532402640193e+09	debug	userdataservicefactory/sqlUserDataServiceFactory.go:19	sqlUserDataServiceFactory
	1.6225324026402078e+09	debug	datastorefactory/sqlFactory.go:19	sqlFactory
	1.6225328431352592e+09	debug	zap/zap.go:99	logger construction succeeded
	1.622532843135347e+09	info	zap/zap.go:50	
	1.622532843140352e+09	debug	ginserver/grpcServerMain.go:33	start runserver
	1.6225328431405542e+09	debug	ginserver/grpcServerMain.go:43	userGrpcConfig: {Code:userGrpc DriverName:tcp UrlAddress:localhost:5052 DbName:}

	1.6225328431405783e+09	debug	dataservicefactory/userDataServiceFactoryWrapper.go:16	UserDataServiceFactory
	1.6225328431406136e+09	debug	userdataservicefactory/sqlUserDataServiceFactory.go:19	sqlUserDataServiceFactory
	1.6225328431406288e+09	debug	datastorefactory/sqlFactory.go:19	sqlFactory
	1.6225328478438423e+09	debug	userdataservicefactory/sqlUserDataServiceFactory.go:27	uds:&{0xc00034d9e0}
	1.622532847844041e+09	debug	dataservicefactory/txDataServiceFactory.go:18	txDataServiceFactory
	1.6225328478440776e+09	debug	datastorefactory/sqlFactory.go:19	sqlFactory
	1.6225328478441045e+09	debug	datastorefactory/sqlFactory.go:26	found db in container for key:sqldb
	1.6225328478441348e+09	debug	dataservicefactory/txDataServiceFactory.go:26	udm:&{0xc00034d9e0}
	1.62254379354898e+09	debug	zap/zap.go:99	logger construction succeeded
	1.6225437935513437e+09	info	zap/zap.go:50	
	1.6225437935785794e+09	debug	ginserver/grpcServerMain.go:33	start runserver
	1.6225437935791805e+09	debug	ginserver/grpcServerMain.go:43	userGrpcConfig: {Code:userGrpc DriverName:tcp UrlAddress:localhost:5052 DbName:}

	1.6225437935792742e+09	debug	dataservicefactory/userDataServiceFactoryWrapper.go:16	UserDataServiceFactory
	1.6225437935793524e+09	debug	userdataservicefactory/sqlUserDataServiceFactory.go:19	sqlUserDataServiceFactory
	1.6225437935794358e+09	debug	datastorefactory/sqlFactory.go:19	sqlFactory
	1.6225438011741855e+09	debug	userdataservicefactory/sqlUserDataServiceFactory.go:27	uds:&{0xc00034d9e0}
	1.6225438011743426e+09	debug	dataservicefactory/txDataServiceFactory.go:18	txDataServiceFactory
	1.62254380117438e+09	debug	datastorefactory/sqlFactory.go:19	sqlFactory
	1.622543801174404e+09	debug	datastorefactory/sqlFactory.go:26	found db in container for key:sqldb
	1.6225438011744318e+09	debug	dataservicefactory/txDataServiceFactory.go:26	udm:&{0xc00034d9e0}
	1.6225438265622566e+09	error	sqldb/userDataSql.go:154	rowsToUser failed:sql: Rows are closed

tdapi/dataservice/userdata/sqldb.rowsToUser
	/home/game/tdServices/tdapi/dataservice/userdata/sqldb/userDataSql.go:71
tdapi/dataservice/userdata/sqldb.(*UserDataSql).GetAllClient
	/home/game/tdServices/tdapi/dataservice/userdata/sqldb/userDataSql.go:152
tdapi/usecase/clientmanager.GetAllClient
	/home/game/tdServices/tdapi/usecase/clientmanager/clientmanager.go:32
tdapi/usecase/clientmanager.(*ClientManagerUseCase).LoadUserList
	/home/game/tdServices/tdapi/usecase/clientmanager/clientmanager.go:27
main.LoadTdList
	/home/game/tdServices/tdapi/cmd/ginserver/grpcServerMain.go:98
main.runServer
	/home/game/tdServices/tdapi/cmd/ginserver/grpcServerMain.go:45
main.main
	/home/game/tdServices/tdapi/cmd/ginserver/grpcServerMain.go:60
runtime.main
	/usr/lib/golang/src/runtime/proc.go:203
runtime.goexit
	/usr/lib/golang/src/runtime/asm_amd64.s:1373

tdapi/dataservice/userdata/sqldb.(*UserDataSql).GetAllClient
	/home/game/tdServices/tdapi/dataservice/userdata/sqldb/userDataSql.go:154
tdapi/usecase/clientmanager.GetAllClient
	/home/game/tdServices/tdapi/usecase/clientmanager/clientmanager.go:32
tdapi/usecase/clientmanager.(*ClientManagerUseCase).LoadUserList
	/home/game/tdServices/tdapi/usecase/clientmanager/clientmanager.go:27
main.LoadTdList
	/home/game/tdServices/tdapi/cmd/ginserver/grpcServerMain.go:98
main.runServer
	/home/game/tdServices/tdapi/cmd/ginserver/grpcServerMain.go:45
main.main
	/home/game/tdServices/tdapi/cmd/ginserver/grpcServerMain.go:60
runtime.main
	/usr/lib/golang/src/runtime/proc.go:203
	1.6225438922852838e+09	debug	zap/zap.go:99	logger construction succeeded
	1.622543892285425e+09	info	zap/zap.go:50	
	1.6225438922951057e+09	debug	ginserver/grpcServerMain.go:33	start runserver
	1.6225438922953093e+09	debug	ginserver/grpcServerMain.go:43	userGrpcConfig: {Code:userGrpc DriverName:tcp UrlAddress:localhost:5052 DbName:}

	1.6225438922953293e+09	debug	dataservicefactory/userDataServiceFactoryWrapper.go:16	UserDataServiceFactory
	1.6225438922953486e+09	debug	userdataservicefactory/sqlUserDataServiceFactory.go:19	sqlUserDataServiceFactory
	1.6225438922953591e+09	debug	datastorefactory/sqlFactory.go:19	sqlFactory
	1.6225438996823664e+09	debug	userdataservicefactory/sqlUserDataServiceFactory.go:27	uds:&{0xc00034d9e0}
	1.6225438996825032e+09	debug	dataservicefactory/txDataServiceFactory.go:18	txDataServiceFactory
	1.6225438996825352e+09	debug	datastorefactory/sqlFactory.go:19	sqlFactory
	1.6225438996825624e+09	debug	datastorefactory/sqlFactory.go:26	found db in container for key:sqldb
	1.622543899682593e+09	debug	dataservicefactory/txDataServiceFactory.go:26	udm:&{0xc00034d9e0}
	1.62254453171368e+09	debug	zap/zap.go:99	logger construction succeeded
	1.6225445317137446e+09	info	zap/zap.go:50	
	1.6225445317237432e+09	debug	ginserver/grpcServerMain.go:33	start runserver
	1.6225445317238905e+09	debug	ginserver/grpcServerMain.go:43	userGrpcConfig: {Code:userGrpc DriverName:tcp UrlAddress:localhost:5052 DbName:}

	1.6225445317239065e+09	debug	dataservicefactory/userDataServiceFactoryWrapper.go:16	UserDataServiceFactory
	1.6225445317239225e+09	debug	userdataservicefactory/sqlUserDataServiceFactory.go:19	sqlUserDataServiceFactory
	1.6225445317239327e+09	debug	datastorefactory/sqlFactory.go:19	sqlFactory
	1.6225445363394606e+09	debug	userdataservicefactory/sqlUserDataServiceFactory.go:27	uds:&{0xc00034d9e0}
	1.6225445363395643e+09	debug	dataservicefactory/txDataServiceFactory.go:18	txDataServiceFactory
	1.622544536339586e+09	debug	datastorefactory/sqlFactory.go:19	sqlFactory
	1.6225445363396003e+09	debug	datastorefactory/sqlFactory.go:26	found db in container for key:sqldb
	1.622544536339616e+09	debug	dataservicefactory/txDataServiceFactory.go:26	udm:&{0xc00034d9e0}
	1.6225445607206154e+09	error	sqldb/userDataSql.go:151	rowsToUser failed:sql: Scan called without calling Next

tdapi/dataservice/userdata/sqldb.(*UserDataSql).GetAllClient
	/home/game/tdServices/tdapi/dataservice/userdata/sqldb/userDataSql.go:151
tdapi/usecase/clientmanager.GetAllClient
	/home/game/tdServices/tdapi/usecase/clientmanager/clientmanager.go:32
tdapi/usecase/clientmanager.(*ClientManagerUseCase).LoadUserList
	/home/game/tdServices/tdapi/usecase/clientmanager/clientmanager.go:27
main.LoadTdList
	/home/game/tdServices/tdapi/cmd/ginserver/grpcServerMain.go:98
main.runServer
	/home/game/tdServices/tdapi/cmd/ginserver/grpcServerMain.go:45
main.main
	/home/game/tdServices/tdapi/cmd/ginserver/grpcServerMain.go:60
runtime.main
	/usr/lib/golang/src/runtime/proc.go:203
	1.622544590204586e+09	debug	zap/zap.go:99	logger construction succeeded
	1.6225445902046483e+09	info	zap/zap.go:50	
	1.6225445902183778e+09	debug	ginserver/grpcServerMain.go:33	start runserver
	1.6225445902185616e+09	debug	ginserver/grpcServerMain.go:43	userGrpcConfig: {Code:userGrpc DriverName:tcp UrlAddress:localhost:5052 DbName:}

	1.6225445902185793e+09	debug	dataservicefactory/userDataServiceFactoryWrapper.go:16	UserDataServiceFactory
	1.622544590218595e+09	debug	userdataservicefactory/sqlUserDataServiceFactory.go:19	sqlUserDataServiceFactory
	1.6225445902186053e+09	debug	datastorefactory/sqlFactory.go:19	sqlFactory
	1.622544594793998e+09	debug	userdataservicefactory/sqlUserDataServiceFactory.go:27	uds:&{0xc00034d9e0}
	1.6225445947941675e+09	debug	dataservicefactory/txDataServiceFactory.go:18	txDataServiceFactory
	1.6225445947942047e+09	debug	datastorefactory/sqlFactory.go:19	sqlFactory
	1.6225445947942336e+09	debug	datastorefactory/sqlFactory.go:26	found db in container for key:sqldb
	1.6225445947942677e+09	debug	dataservicefactory/txDataServiceFactory.go:26	udm:&{0xc00034d9e0}
	1.6225447110296493e+09	debug	zap/zap.go:99	logger construction succeeded
	1.6225447110297122e+09	info	zap/zap.go:50	
	1.622544711034843e+09	debug	ginserver/grpcServerMain.go:33	start runserver
	1.6225447110350094e+09	debug	ginserver/grpcServerMain.go:43	userGrpcConfig: {Code:userGrpc DriverName:tcp UrlAddress:localhost:5052 DbName:}

	1.6225447110350323e+09	debug	dataservicefactory/userDataServiceFactoryWrapper.go:16	UserDataServiceFactory
	1.6225447110350556e+09	debug	userdataservicefactory/sqlUserDataServiceFactory.go:19	sqlUserDataServiceFactory
	1.6225447110350718e+09	debug	datastorefactory/sqlFactory.go:19	sqlFactory
	1.6225447155576007e+09	debug	userdataservicefactory/sqlUserDataServiceFactory.go:27	uds:&{0xc00034d9e0}
	1.6225447155577629e+09	debug	dataservicefactory/txDataServiceFactory.go:18	txDataServiceFactory
	1.6225447155577924e+09	debug	datastorefactory/sqlFactory.go:19	sqlFactory
	1.6225447155578163e+09	debug	datastorefactory/sqlFactory.go:26	found db in container for key:sqldb
	1.622544715557843e+09	debug	dataservicefactory/txDataServiceFactory.go:26	udm:&{0xc00034d9e0}
	1.6225450364285088e+09	debug	zap/zap.go:99	logger construction succeeded
	1.6225450364286754e+09	info	zap/zap.go:50	
	1.62254503644228e+09	debug	ginserver/grpcServerMain.go:33	start runserver
	1.6225450364424667e+09	debug	ginserver/grpcServerMain.go:43	userGrpcConfig: {Code:userGrpc DriverName:tcp UrlAddress:localhost:5052 DbName:}

	1.6225450364424887e+09	debug	dataservicefactory/userDataServiceFactoryWrapper.go:16	UserDataServiceFactory
	1.6225450364425101e+09	debug	userdataservicefactory/sqlUserDataServiceFactory.go:19	sqlUserDataServiceFactory
	1.6225450364425232e+09	debug	datastorefactory/sqlFactory.go:19	sqlFactory
	1.6225450415332336e+09	debug	userdataservicefactory/sqlUserDataServiceFactory.go:27	uds:&{0xc00034d9e0}
	1.6225450415333545e+09	debug	dataservicefactory/txDataServiceFactory.go:18	txDataServiceFactory
	1.622545041533372e+09	debug	datastorefactory/sqlFactory.go:19	sqlFactory
	1.622545041533386e+09	debug	datastorefactory/sqlFactory.go:26	found db in container for key:sqldb
	1.6225450415334013e+09	debug	dataservicefactory/txDataServiceFactory.go:26	udm:&{0xc00034d9e0}
	1.6225454132023642e+09	debug	zap/zap.go:99	logger construction succeeded
	1.622545413202427e+09	info	zap/zap.go:50	
	1.622545413206021e+09	debug	ginserver/grpcServerMain.go:33	start runserver
	1.6225454132061832e+09	debug	ginserver/grpcServerMain.go:43	userGrpcConfig: {Code:userGrpc DriverName:tcp UrlAddress:localhost:5052 DbName:}

	1.6225454132062004e+09	debug	dataservicefactory/userDataServiceFactoryWrapper.go:16	UserDataServiceFactory
	1.622545413206217e+09	debug	userdataservicefactory/sqlUserDataServiceFactory.go:19	sqlUserDataServiceFactory
	1.6225454132062275e+09	debug	datastorefactory/sqlFactory.go:19	sqlFactory
	1.6225454177949162e+09	debug	userdataservicefactory/sqlUserDataServiceFactory.go:27	uds:&{0xc00034b9e0}
	1.622545417795004e+09	debug	dataservicefactory/txDataServiceFactory.go:18	txDataServiceFactory
	1.6225454177950191e+09	debug	datastorefactory/sqlFactory.go:19	sqlFactory
	1.622545417795037e+09	debug	datastorefactory/sqlFactory.go:26	found db in container for key:sqldb
	1.622545417795079e+09	debug	dataservicefactory/txDataServiceFactory.go:26	udm:&{0xc00034b9e0}
	1.6225457725256872e+09	debug	zap/zap.go:99	logger construction succeeded
	1.6225457725257502e+09	info	zap/zap.go:50	
	1.6225457725372531e+09	debug	ginserver/grpcServerMain.go:33	start runserver
	1.622545772537436e+09	debug	ginserver/grpcServerMain.go:43	userGrpcConfig: {Code:userGrpc DriverName:tcp UrlAddress:localhost:5052 DbName:}

	1.6225457725374584e+09	debug	dataservicefactory/userDataServiceFactoryWrapper.go:16	UserDataServiceFactory
	1.6225457725374799e+09	debug	userdataservicefactory/sqlUserDataServiceFactory.go:19	sqlUserDataServiceFactory
	1.6225457725374951e+09	debug	datastorefactory/sqlFactory.go:19	sqlFactory
	1.6225457771833427e+09	debug	userdataservicefactory/sqlUserDataServiceFactory.go:27	uds:&{0xc00034d9e0}
	1.6225457771834483e+09	debug	dataservicefactory/txDataServiceFactory.go:18	txDataServiceFactory
	1.622545777183475e+09	debug	datastorefactory/sqlFactory.go:19	sqlFactory
	1.6225457771835384e+09	debug	datastorefactory/sqlFactory.go:26	found db in container for key:sqldb
	1.622545777183569e+09	debug	dataservicefactory/txDataServiceFactory.go:26	udm:&{0xc00034d9e0}
	1.6225458004361117e+09	error	sqldb/userDataSql.go:152	rowsToUser failed:sql: Scan called without calling Next

tdapi/dataservice/userdata/sqldb.(*UserDataSql).GetAllClient
	/home/game/tdServices/tdapi/dataservice/userdata/sqldb/userDataSql.go:152
tdapi/usecase/clientmanager.GetAllClient
	/home/game/tdServices/tdapi/usecase/clientmanager/clientmanager.go:32
tdapi/usecase/clientmanager.(*ClientManagerUseCase).LoadUserList
	/home/game/tdServices/tdapi/usecase/clientmanager/clientmanager.go:27
main.LoadTdList
	/home/game/tdServices/tdapi/cmd/ginserver/grpcServerMain.go:98
main.runServer
	/home/game/tdServices/tdapi/cmd/ginserver/grpcServerMain.go:45
main.main
	/home/game/tdServices/tdapi/cmd/ginserver/grpcServerMain.go:60
runtime.main
	/usr/lib/golang/src/runtime/proc.go:203
	1.6225458195145109e+09	debug	zap/zap.go:99	logger construction succeeded
	1.6225458195145745e+09	info	zap/zap.go:50	
	1.622545819526527e+09	debug	ginserver/grpcServerMain.go:33	start runserver
	1.622545819526711e+09	debug	ginserver/grpcServerMain.go:43	userGrpcConfig: {Code:userGrpc DriverName:tcp UrlAddress:localhost:5052 DbName:}

	1.6225458195267334e+09	debug	dataservicefactory/userDataServiceFactoryWrapper.go:16	UserDataServiceFactory
	1.6225458195267546e+09	debug	userdataservicefactory/sqlUserDataServiceFactory.go:19	sqlUserDataServiceFactory
	1.6225458195267684e+09	debug	datastorefactory/sqlFactory.go:19	sqlFactory
	1.6225458240651708e+09	debug	userdataservicefactory/sqlUserDataServiceFactory.go:27	uds:&{0xc00034d9e0}
	1.6225458240652852e+09	debug	dataservicefactory/txDataServiceFactory.go:18	txDataServiceFactory
	1.6225458240653105e+09	debug	datastorefactory/sqlFactory.go:19	sqlFactory
	1.622545824065332e+09	debug	datastorefactory/sqlFactory.go:26	found db in container for key:sqldb
	1.622545824065356e+09	debug	dataservicefactory/txDataServiceFactory.go:26	udm:&{0xc00034d9e0}
	1.6225478514821143e+09	debug	zap/zap.go:99	logger construction succeeded
	1.6225478514821696e+09	info	zap/zap.go:50	
	1.622547851491574e+09	debug	ginserver/grpcServerMain.go:33	start runserver
	1.6225478514917538e+09	debug	ginserver/grpcServerMain.go:43	userGrpcConfig: {Code:userGrpc DriverName:tcp UrlAddress:localhost:5052 DbName:}

	1.6225478667922773e+09	debug	dataservicefactory/userDataServiceFactoryWrapper.go:16	UserDataServiceFactory
	1.6225478755287864e+09	debug	userdataservicefactory/sqlUserDataServiceFactory.go:19	sqlUserDataServiceFactory
	1.6225478859315672e+09	debug	datastorefactory/sqlFactory.go:19	sqlFactory
	1.6225485756901524e+09	debug	zap/zap.go:99	logger construction succeeded
	1.6225485756902175e+09	info	zap/zap.go:50	
	1.6225485757014456e+09	debug	ginserver/grpcServerMain.go:36	start runserver
	1.6225485757016044e+09	debug	ginserver/grpcServerMain.go:46	userGrpcConfig: {Code:userGrpc DriverName:tcp UrlAddress:localhost:5052 DbName:}

	1.6225485775660837e+09	debug	dataservicefactory/userDataServiceFactoryWrapper.go:16	UserDataServiceFactory
	1.6225485775661738e+09	debug	userdataservicefactory/sqlUserDataServiceFactory.go:19	sqlUserDataServiceFactory
	1.622548577566187e+09	debug	datastorefactory/sqlFactory.go:19	sqlFactory
	1.6225485823701193e+09	debug	userdataservicefactory/sqlUserDataServiceFactory.go:27	uds:&{0xc00034d9e0}
	1.6225485823702104e+09	debug	dataservicefactory/txDataServiceFactory.go:18	txDataServiceFactory
	1.6225485823702238e+09	debug	datastorefactory/sqlFactory.go:19	sqlFactory
	1.622548582370235e+09	debug	datastorefactory/sqlFactory.go:26	found db in container for key:sqldb
	1.622548582370247e+09	debug	dataservicefactory/txDataServiceFactory.go:26	udm:&{0xc00034d9e0}
	1.6225487720839474e+09	debug	zap/zap.go:99	logger construction succeeded
	1.622548772084012e+09	info	zap/zap.go:50	
	1.6225487720880835e+09	debug	ginserver/grpcServerMain.go:36	start runserver
	1.6225487720882766e+09	debug	ginserver/grpcServerMain.go:46	userGrpcConfig: {Code:userGrpc DriverName:tcp UrlAddress:localhost:5052 DbName:}

	1.6225487720883033e+09	debug	dataservicefactory/userDataServiceFactoryWrapper.go:16	UserDataServiceFactory
	1.6225487720883272e+09	debug	userdataservicefactory/sqlUserDataServiceFactory.go:19	sqlUserDataServiceFactory
	1.622548772088344e+09	debug	datastorefactory/sqlFactory.go:19	sqlFactory
	1.6225487766259084e+09	debug	userdataservicefactory/sqlUserDataServiceFactory.go:27	uds:&{0xc00034d9e0}
	1.622548776626018e+09	debug	dataservicefactory/txDataServiceFactory.go:18	txDataServiceFactory
	1.6225487766260445e+09	debug	datastorefactory/sqlFactory.go:19	sqlFactory
	1.6225487766260853e+09	debug	datastorefactory/sqlFactory.go:26	found db in container for key:sqldb
	1.6225487766261127e+09	debug	dataservicefactory/txDataServiceFactory.go:26	udm:&{0xc00034d9e0}
	1.622549011329144e+09	debug	zap/zap.go:99	logger construction succeeded
	1.622549011329215e+09	info	zap/zap.go:50	
	1.6225490113411345e+09	debug	ginserver/grpcServerMain.go:36	start runserver
	1.6225490113413208e+09	debug	ginserver/grpcServerMain.go:46	userGrpcConfig: {Code:userGrpc DriverName:tcp UrlAddress:localhost:5052 DbName:}

	1.6225490113413448e+09	debug	dataservicefactory/userDataServiceFactoryWrapper.go:16	UserDataServiceFactory
	1.6225490113413672e+09	debug	userdataservicefactory/sqlUserDataServiceFactory.go:19	sqlUserDataServiceFactory
	1.622549011341383e+09	debug	datastorefactory/sqlFactory.go:19	sqlFactory
	1.6225490159361737e+09	debug	userdataservicefactory/sqlUserDataServiceFactory.go:27	uds:&{0xc00034d9e0}
	1.6225490159363e+09	debug	dataservicefactory/txDataServiceFactory.go:18	txDataServiceFactory
	1.6225490159363337e+09	debug	datastorefactory/sqlFactory.go:19	sqlFactory
	1.6225490159363627e+09	debug	datastorefactory/sqlFactory.go:26	found db in container for key:sqldb
	1.622549015936396e+09	debug	dataservicefactory/txDataServiceFactory.go:26	udm:&{0xc00034d9e0}
	1.6225490540379102e+09	debug	zap/zap.go:99	logger construction succeeded
	1.6225490540379722e+09	info	zap/zap.go:50	
	1.6225490540417902e+09	debug	ginserver/grpcServerMain.go:36	start runserver
	1.6225490540419493e+09	debug	ginserver/grpcServerMain.go:46	userGrpcConfig: {Code:userGrpc DriverName:tcp UrlAddress:localhost:5052 DbName:}

	1.6225490540419655e+09	debug	dataservicefactory/userDataServiceFactoryWrapper.go:16	UserDataServiceFactory
	1.622549054041982e+09	debug	userdataservicefactory/sqlUserDataServiceFactory.go:19	sqlUserDataServiceFactory
	1.622549054041992e+09	debug	datastorefactory/sqlFactory.go:19	sqlFactory
	1.6225490585925581e+09	debug	userdataservicefactory/sqlUserDataServiceFactory.go:27	uds:&{0xc00034d9e0}
	1.6225490585926478e+09	debug	dataservicefactory/txDataServiceFactory.go:18	txDataServiceFactory
	1.6225490585926642e+09	debug	datastorefactory/sqlFactory.go:19	sqlFactory
	1.622549058592679e+09	debug	datastorefactory/sqlFactory.go:26	found db in container for key:sqldb
	1.6225490585926938e+09	debug	dataservicefactory/txDataServiceFactory.go:26	udm:&{0xc00034d9e0}
	1.622549432602189e+09	debug	zap/zap.go:99	logger construction succeeded
	1.6225494326022503e+09	info	zap/zap.go:50	
	1.6225494326131837e+09	debug	ginserver/grpcServerMain.go:36	start runserver
	1.622549432613334e+09	debug	ginserver/grpcServerMain.go:46	userGrpcConfig: {Code:userGrpc DriverName:tcp UrlAddress:localhost:5052 DbName:}

	1.6225494326133509e+09	debug	dataservicefactory/userDataServiceFactoryWrapper.go:16	UserDataServiceFactory
	1.6225494326133692e+09	debug	userdataservicefactory/sqlUserDataServiceFactory.go:19	sqlUserDataServiceFactory
	1.6225494326133795e+09	debug	datastorefactory/sqlFactory.go:19	sqlFactory
	1.6225494374614875e+09	debug	userdataservicefactory/sqlUserDataServiceFactory.go:27	uds:&{0xc00034d9e0}
	1.6225494374615724e+09	debug	dataservicefactory/txDataServiceFactory.go:18	txDataServiceFactory
	1.6225494374615881e+09	debug	datastorefactory/sqlFactory.go:19	sqlFactory
	1.6225494374616017e+09	debug	datastorefactory/sqlFactory.go:26	found db in container for key:sqldb
	1.622549437461633e+09	debug	dataservicefactory/txDataServiceFactory.go:26	udm:&{0xc00034d9e0}
	1.6225495643027475e+09	debug	zap/zap.go:99	logger construction succeeded
	1.6225495643028193e+09	info	zap/zap.go:50	
	1.6225495643145988e+09	debug	ginserver/grpcServerMain.go:36	start runserver
	1.6225495643147628e+09	debug	ginserver/grpcServerMain.go:46	userGrpcConfig: {Code:userGrpc DriverName:tcp UrlAddress:localhost:5052 DbName:}

	1.6225495643147843e+09	debug	dataservicefactory/userDataServiceFactoryWrapper.go:16	UserDataServiceFactory
	1.6225495643148055e+09	debug	userdataservicefactory/sqlUserDataServiceFactory.go:19	sqlUserDataServiceFactory
	1.622549564314827e+09	debug	datastorefactory/sqlFactory.go:19	sqlFactory
	1.622549568874552e+09	debug	userdataservicefactory/sqlUserDataServiceFactory.go:27	uds:&{0xc00034d9e0}
	1.6225495688746386e+09	debug	dataservicefactory/txDataServiceFactory.go:18	txDataServiceFactory
	1.622549568874654e+09	debug	datastorefactory/sqlFactory.go:19	sqlFactory
	1.6225495688746674e+09	debug	datastorefactory/sqlFactory.go:26	found db in container for key:sqldb
	1.6225495688746824e+09	debug	dataservicefactory/txDataServiceFactory.go:26	udm:&{0xc00034d9e0}
	1.6225518261056051e+09	debug	zap/zap.go:99	logger construction succeeded
	1.6225518261056643e+09	info	zap/zap.go:50	
	1.6225518261159024e+09	debug	ginserver/grpcServerMain.go:36	start runserver
	1.6225518261161542e+09	debug	ginserver/grpcServerMain.go:46	userGrpcConfig: {Code:userGrpc DriverName:tcp UrlAddress:localhost:5052 DbName:}

	1.6225518480806246e+09	debug	dataservicefactory/userDataServiceFactoryWrapper.go:16	UserDataServiceFactory
	1.622551848080794e+09	debug	userdataservicefactory/sqlUserDataServiceFactory.go:19	sqlUserDataServiceFactory
	1.622551848080812e+09	debug	datastorefactory/sqlFactory.go:19	sqlFactory
	1.6225518529105363e+09	debug	userdataservicefactory/sqlUserDataServiceFactory.go:27	uds:&{0xc00034d9e0}
	1.6225522705877414e+09	debug	zap/zap.go:99	logger construction succeeded
	1.6225522705878038e+09	info	zap/zap.go:50	
	1.6225522705992727e+09	debug	ginserver/grpcServerMain.go:36	start runserver
	1.6225522705994422e+09	debug	ginserver/grpcServerMain.go:46	userGrpcConfig: {Code:userGrpc DriverName:tcp UrlAddress:localhost:5052 DbName:}

	1.622552291820966e+09	debug	dataservicefactory/userDataServiceFactoryWrapper.go:16	UserDataServiceFactory
	1.6225522918210995e+09	debug	userdataservicefactory/sqlUserDataServiceFactory.go:19	sqlUserDataServiceFactory
	1.6225522918211253e+09	debug	datastorefactory/sqlFactory.go:19	sqlFactory
	1.6225522969340143e+09	debug	userdataservicefactory/sqlUserDataServiceFactory.go:27	uds:&{0xc00034d9e0}
	1.622552354178786e+09	debug	zap/zap.go:99	logger construction succeeded
	1.622552354178951e+09	info	zap/zap.go:50	
	1.6225523541924832e+09	debug	ginserver/grpcServerMain.go:36	start runserver
	1.622552354192737e+09	debug	ginserver/grpcServerMain.go:46	userGrpcConfig: {Code:userGrpc DriverName:tcp UrlAddress:localhost:5052 DbName:}

	1.6225523593594701e+09	debug	dataservicefactory/userDataServiceFactoryWrapper.go:16	UserDataServiceFactory
	1.6225523593596015e+09	debug	userdataservicefactory/sqlUserDataServiceFactory.go:19	sqlUserDataServiceFactory
	1.6225523593596299e+09	debug	datastorefactory/sqlFactory.go:19	sqlFactory
	1.6225523640014515e+09	debug	userdataservicefactory/sqlUserDataServiceFactory.go:27	uds:&{0xc00034d9e0}
	1.6225597451820498e+09	debug	zap/zap.go:99	logger construction succeeded
	1.6225597451821277e+09	info	zap/zap.go:50	
	1.6225597451858163e+09	debug	ginserver/grpcServerMain.go:36	start runserver
	1.6225597451860309e+09	debug	ginserver/grpcServerMain.go:46	userGrpcConfig: {Code:userGrpc DriverName:tcp UrlAddress:localhost:5052 DbName:}

	1.622559745186058e+09	debug	dataservicefactory/userDataServiceFactoryWrapper.go:16	UserDataServiceFactory
	1.6225597451860838e+09	debug	userdataservicefactory/sqlUserDataServiceFactory.go:19	sqlUserDataServiceFactory
	1.6225597451860995e+09	debug	datastorefactory/sqlFactory.go:19	sqlFactory
	1.6225597503745105e+09	debug	userdataservicefactory/sqlUserDataServiceFactory.go:27	uds:&{0xc00034d9e0}
	1.6225597503745956e+09	debug	dataservicefactory/txDataServiceFactory.go:18	txDataServiceFactory
	1.6225597503746111e+09	debug	datastorefactory/sqlFactory.go:19	sqlFactory
	1.622559750374625e+09	debug	datastorefactory/sqlFactory.go:26	found db in container for key:sqldb
	1.6225597503746395e+09	debug	dataservicefactory/txDataServiceFactory.go:26	udm:&{0xc00034d9e0}
	1.6225597612753065e+09	debug	sqldb/userDataSql.go:168	find user list:[{1 ojgan   2021-05-27 23:36:13 2021-05-27 23:36:13} {10 tczjf   2021-05-27 23:36:13 2021-05-27 23:36:13} {2 wlmjq   2021-05-27 23:36:13 2021-05-27 23:36:13} {3 lyoqr   2021-05-27 23:36:13 2021-05-27 23:36:13} {4 usogx   2021-05-27 23:36:13 2021-05-27 23:36:13} {5 otvvt   2021-05-27 23:36:13 2021-05-27 23:36:13} {6 slhme   2021-05-27 23:36:13 2021-05-27 23:36:13} {7 xiahs   2021-05-27 23:36:13 2021-05-27 23:36:13} {8 cvppi   2021-05-27 23:36:13 2021-05-27 23:36:13} {9 tazdq   2021-05-27 23:36:13 2021-05-27 23:36:13}]
	1.622562513830088e+09	debug	zap/zap.go:99	logger construction succeeded
	1.6225625138301635e+09	info	zap/zap.go:50	
	1.622562513839539e+09	debug	ginserver/grpcServerMain.go:36	start runserver
	1.622562513839726e+09	debug	ginserver/grpcServerMain.go:46	userGrpcConfig: {Code:userGrpc DriverName:tcp UrlAddress:localhost:5052 DbName:}

	1.6225625138397472e+09	debug	dataservicefactory/userDataServiceFactoryWrapper.go:16	UserDataServiceFactory
	1.6225625138397672e+09	debug	userdataservicefactory/sqlUserDataServiceFactory.go:19	sqlUserDataServiceFactory
	1.6225625138397777e+09	debug	datastorefactory/sqlFactory.go:19	sqlFactory
	1.622562519034399e+09	debug	userdataservicefactory/sqlUserDataServiceFactory.go:27	uds:&{0xc00034d9e0}
	1.6225625190344994e+09	debug	dataservicefactory/txDataServiceFactory.go:18	txDataServiceFactory
	1.6225625190345168e+09	debug	datastorefactory/sqlFactory.go:19	sqlFactory
	1.6225625190345304e+09	debug	datastorefactory/sqlFactory.go:26	found db in container for key:sqldb
	1.6225625190345454e+09	debug	dataservicefactory/txDataServiceFactory.go:26	udm:&{0xc00034d9e0}
	1.6225625190563338e+09	debug	sqldb/userDataSql.go:168	find user list:[]
	1.6225625504751287e+09	debug	zap/zap.go:99	logger construction succeeded
	1.6225625504751995e+09	info	zap/zap.go:50	
	1.622562550480296e+09	debug	ginserver/grpcServerMain.go:36	start runserver
	1.622562550480608e+09	debug	ginserver/grpcServerMain.go:46	userGrpcConfig: {Code:userGrpc DriverName:tcp UrlAddress:localhost:5052 DbName:}

	1.622562550480666e+09	debug	dataservicefactory/userDataServiceFactoryWrapper.go:16	UserDataServiceFactory
	1.6225625504807615e+09	debug	userdataservicefactory/sqlUserDataServiceFactory.go:19	sqlUserDataServiceFactory
	1.6225625504807951e+09	debug	datastorefactory/sqlFactory.go:19	sqlFactory
	1.6225625550353281e+09	debug	userdataservicefactory/sqlUserDataServiceFactory.go:27	uds:&{0xc00034d9e0}
	1.622562555035435e+09	debug	dataservicefactory/txDataServiceFactory.go:18	txDataServiceFactory
	1.6225625550354552e+09	debug	datastorefactory/sqlFactory.go:19	sqlFactory
	1.622562555035469e+09	debug	datastorefactory/sqlFactory.go:26	found db in container for key:sqldb
	1.6225625550354848e+09	debug	dataservicefactory/txDataServiceFactory.go:26	udm:&{0xc00034d9e0}
	1.6225625565396655e+09	debug	sqldb/userDataSql.go:168	find user list:[]
	1.622562570466163e+09	debug	zap/zap.go:99	logger construction succeeded
	1.6225625704662313e+09	info	zap/zap.go:50	
	1.622562570471886e+09	debug	ginserver/grpcServerMain.go:36	start runserver
	1.6225625704720316e+09	debug	ginserver/grpcServerMain.go:46	userGrpcConfig: {Code:userGrpc DriverName:tcp UrlAddress:localhost:5052 DbName:}

	1.6225625704720492e+09	debug	dataservicefactory/userDataServiceFactoryWrapper.go:16	UserDataServiceFactory
	1.6225625704720688e+09	debug	userdataservicefactory/sqlUserDataServiceFactory.go:19	sqlUserDataServiceFactory
	1.6225625704720788e+09	debug	datastorefactory/sqlFactory.go:19	sqlFactory
	1.6225625752553725e+09	debug	userdataservicefactory/sqlUserDataServiceFactory.go:27	uds:&{0xc00034d9e0}
	1.6225625752555377e+09	debug	dataservicefactory/txDataServiceFactory.go:18	txDataServiceFactory
	1.622562575255572e+09	debug	datastorefactory/sqlFactory.go:19	sqlFactory
	1.6225625752556014e+09	debug	datastorefactory/sqlFactory.go:26	found db in container for key:sqldb
	1.622562575255635e+09	debug	dataservicefactory/txDataServiceFactory.go:26	udm:&{0xc00034d9e0}
	1.622562590958832e+09	debug	sqldb/userDataSql.go:168	find user list:[]
	1.6225626114870324e+09	debug	zap/zap.go:99	logger construction succeeded
	1.622562611487103e+09	info	zap/zap.go:50	
	1.6225626115101337e+09	debug	ginserver/grpcServerMain.go:36	start runserver
	1.6225626115102963e+09	debug	ginserver/grpcServerMain.go:46	userGrpcConfig: {Code:userGrpc DriverName:tcp UrlAddress:localhost:5052 DbName:}

	1.6225626115103238e+09	debug	dataservicefactory/userDataServiceFactoryWrapper.go:16	UserDataServiceFactory
	1.6225626115103457e+09	debug	userdataservicefactory/sqlUserDataServiceFactory.go:19	sqlUserDataServiceFactory
	1.6225626115103564e+09	debug	datastorefactory/sqlFactory.go:19	sqlFactory
	1.6225626160750182e+09	debug	userdataservicefactory/sqlUserDataServiceFactory.go:27	uds:&{0xc00034d9e0}
	1.6225626160751011e+09	debug	dataservicefactory/txDataServiceFactory.go:18	txDataServiceFactory
	1.622562616075117e+09	debug	datastorefactory/sqlFactory.go:19	sqlFactory
	1.6225626160751307e+09	debug	datastorefactory/sqlFactory.go:26	found db in container for key:sqldb
	1.6225626160751455e+09	debug	dataservicefactory/txDataServiceFactory.go:26	udm:&{0xc00034d9e0}
	1.6225629278010125e+09	debug	sqldb/userDataSql.go:168	find user list:[{971509095088 971509095088 ./tddata/971509095088-tdlib-files ./tdfile 2021-06-01 23:55:11 2021-06-01 23:55:13}]
	1.622563073218356e+09	debug	zap/zap.go:99	logger construction succeeded
	1.6225630732184188e+09	info	zap/zap.go:50	
	1.6225630732215924e+09	debug	ginserver/grpcServerMain.go:36	start runserver
	1.6225630732217567e+09	debug	ginserver/grpcServerMain.go:46	userGrpcConfig: {Code:userGrpc DriverName:tcp UrlAddress:localhost:5052 DbName:}

	1.6225630732217758e+09	debug	dataservicefactory/userDataServiceFactoryWrapper.go:16	UserDataServiceFactory
	1.6225630732217922e+09	debug	userdataservicefactory/sqlUserDataServiceFactory.go:19	sqlUserDataServiceFactory
	1.622563073221802e+09	debug	datastorefactory/sqlFactory.go:19	sqlFactory
	1.6225630780452285e+09	debug	userdataservicefactory/sqlUserDataServiceFactory.go:27	uds:&{0xc00034d9e0}
	1.622563078045311e+09	debug	dataservicefactory/txDataServiceFactory.go:18	txDataServiceFactory
	1.6225630780453267e+09	debug	datastorefactory/sqlFactory.go:19	sqlFactory
	1.6225630780453403e+09	debug	datastorefactory/sqlFactory.go:26	found db in container for key:sqldb
	1.622563078045355e+09	debug	dataservicefactory/txDataServiceFactory.go:26	udm:&{0xc00034d9e0}
	1.6225630877866151e+09	debug	sqldb/userDataSql.go:168	find user list:[{971509095088 971509095088 ./tddata/971509095088-tdlib-files ./tdfile 2021-06-01 23:55:11 2021-06-01 23:55:13}]
	1.6225635047918658e+09	debug	zap/zap.go:99	logger construction succeeded
	1.6225635047919343e+09	info	zap/zap.go:50	
	1.6225635047977061e+09	debug	ginserver/grpcServerMain.go:36	start runserver
	1.622563504797853e+09	debug	ginserver/grpcServerMain.go:46	userGrpcConfig: {Code:userGrpc DriverName:tcp UrlAddress:localhost:5052 DbName:}

	1.6225635047978697e+09	debug	dataservicefactory/userDataServiceFactoryWrapper.go:16	UserDataServiceFactory
	1.6225635047978847e+09	debug	userdataservicefactory/sqlUserDataServiceFactory.go:19	sqlUserDataServiceFactory
	1.6225635047978947e+09	debug	datastorefactory/sqlFactory.go:19	sqlFactory
	1.6225635095109365e+09	debug	userdataservicefactory/sqlUserDataServiceFactory.go:27	uds:&{0xc00034d9e0}
	1.6225635095110462e+09	debug	dataservicefactory/txDataServiceFactory.go:18	txDataServiceFactory
	1.6225635095110636e+09	debug	datastorefactory/sqlFactory.go:19	sqlFactory
	1.6225635095110776e+09	debug	datastorefactory/sqlFactory.go:26	found db in container for key:sqldb
	1.6225635095110931e+09	debug	dataservicefactory/txDataServiceFactory.go:26	udm:&{0xc00034d9e0}
	1.622563517366482e+09	debug	sqldb/userDataSql.go:168	find user list:[{971509095088 971509095088 ./tddata/971509095088-tdlib-files ./tdfile 2021-06-01 23:55:11 2021-06-01 23:55:13}]
	1.6225652036298091e+09	debug	zap/zap.go:99	logger construction succeeded
	1.6225652036318245e+09	info	zap/zap.go:50	
	1.6225652036396692e+09	debug	ginserver/grpcServerMain.go:36	start runserver
	1.622565203640055e+09	debug	ginserver/grpcServerMain.go:46	userGrpcConfig: {Code:userGrpc DriverName:tcp UrlAddress:localhost:5052 DbName:}

	1.6225652036401308e+09	debug	dataservicefactory/userDataServiceFactoryWrapper.go:16	UserDataServiceFactory
	1.622565203640285e+09	debug	userdataservicefactory/sqlUserDataServiceFactory.go:19	sqlUserDataServiceFactory
	1.6225652036403267e+09	debug	datastorefactory/sqlFactory.go:19	sqlFactory
	1.622565209256111e+09	debug	userdataservicefactory/sqlUserDataServiceFactory.go:27	uds:&{0xc00034d9e0}
	1.6225652092562482e+09	debug	dataservicefactory/txDataServiceFactory.go:18	txDataServiceFactory
	1.622565209256276e+09	debug	datastorefactory/sqlFactory.go:19	sqlFactory
	1.6225652092563086e+09	debug	datastorefactory/sqlFactory.go:26	found db in container for key:sqldb
	1.6225652092563305e+09	debug	dataservicefactory/txDataServiceFactory.go:26	udm:&{0xc00034d9e0}
	1.6225652092990932e+09	debug	sqldb/userDataSql.go:168	find user list:[{971509095088 971509095088 ./tddata/971509095088-tdlib-files ./tdfile 2021-06-01 23:55:11 2021-06-01 23:55:13}]
	1.6225653713933105e+09	debug	zap/zap.go:99	logger construction succeeded
	1.6225653713934052e+09	info	zap/zap.go:50	
	1.6225653714268909e+09	debug	ginserver/grpcServerMain.go:36	start runserver
	1.6225653714271631e+09	debug	ginserver/grpcServerMain.go:46	userGrpcConfig: {Code:userGrpc DriverName:tcp UrlAddress:localhost:5052 DbName:}

	1.6225653714271865e+09	debug	dataservicefactory/userDataServiceFactoryWrapper.go:16	UserDataServiceFactory
	1.6225653714272056e+09	debug	userdataservicefactory/sqlUserDataServiceFactory.go:19	sqlUserDataServiceFactory
	1.6225653714272175e+09	debug	datastorefactory/sqlFactory.go:19	sqlFactory
	1.622565376268421e+09	debug	userdataservicefactory/sqlUserDataServiceFactory.go:27	uds:&{0xc00034d9e0}
	1.6225653762685473e+09	debug	dataservicefactory/txDataServiceFactory.go:18	txDataServiceFactory
	1.6225653762686386e+09	debug	datastorefactory/sqlFactory.go:19	sqlFactory
	1.6225653762686734e+09	debug	datastorefactory/sqlFactory.go:26	found db in container for key:sqldb
	1.622565376268708e+09	debug	dataservicefactory/txDataServiceFactory.go:26	udm:&{0xc00034d9e0}
	1.6225653763253736e+09	debug	sqldb/userDataSql.go:168	find user list:[{971509095088 971509095088 ./tddata/971509095088-tdlib-files ./tdfile 2021-06-01 23:55:11 2021-06-01 23:55:13}]
	