time="2021-06-18 21:50:46" level=info msg="run server!"
time="2021-06-18 21:51:48" level=info msg="run server!"
time="2021-06-18 21:52:08" level=info msg="验证通过-- 639185604101"
time="2021-06-18 21:52:42" level=info msg="run server!"
time="2021-06-18 21:52:43" level=info msg="验证通过-- 639185604101"
time="2021-06-18 21:53:12" level=info msg="| 200 | 28.777777183s |   31.219.85.226 | POST | /phone/getallgroups |"
time="2021-06-18 22:03:10" level=info msg="| 200 |     226.754µs |   31.219.85.226 | POST | /phone/savegroupcontact |"
time="2021-06-18 22:03:57" level=info msg="run server!"
time="2021-06-18 22:05:12" level=info msg="run server!"
time="2021-06-18 22:06:42" level=info msg="run server!"
time="2021-06-18 22:06:53" level=info msg="验证通过-- 639185604101"
time="2021-06-18 22:08:52" level=info msg="run server!"
time="2021-06-18 22:11:01" level=info msg="phone   err: error! code: %!d(float64=8) msg: Phone number can't be empty"
time="2021-06-18 22:12:00" level=info msg="run server!"
time="2021-06-18 22:13:19" level=info msg="phone   err: error! code: %!d(float64=8) msg: Phone number can't be empty"
time="2021-06-18 22:15:15" level=info msg="run server!"
time="2021-06-18 22:18:17" level=info msg="验证通过-- 639185604101"
time="2021-06-18 22:18:23" level=info msg="| 200 |  6.022287069s |   31.219.85.226 | POST | /phone/getallgroups |"
time="2021-06-18 22:19:15" level=info msg="Error getting current state: 639185604101 timeout"
time="2021-06-18 22:21:00" level=info msg="run server!"
time="2021-06-18 22:21:12" level=info msg="验证通过-- 639185604101"
time="2021-06-18 22:25:12" level=info msg="run server!"
time="2021-06-18 22:26:08" level=info msg="验证通过-- 639185604101"
time="2021-06-18 22:48:54" level=info msg="run server!"
time="2021-06-18 22:50:04" level=info msg="验证通过-- 639185604101"
time="2021-06-18 22:50:41" level=info msg="| 200 | 46.871172846s |   31.219.85.226 | POST | /phone/savegroupcontact |"
time="2021-06-18 22:50:56" level=info msg="验证通过-- 639185604101"
time="2021-06-18 22:52:50" level=info msg="run server!"
time="2021-06-18 22:53:18" level=info msg="验证通过-- 639185604101"
time="2021-06-18 22:54:31" level=info msg="run server!"
time="2021-06-18 22:55:05" level=info msg="验证通过-- 639185604101"
time="2021-06-18 22:55:47" level=info msg="run server!"
time="2021-06-18 22:59:40" level=info msg="run server!"
time="2021-06-18 23:02:22" level=info msg="验证通过-- 639185604101"
time="2021-06-18 23:06:18" level=info msg="run server!"
time="2021-06-18 23:06:39" level=info msg="验证通过-- 639185604101"
time="2021-06-18 23:16:49" level=info msg="run server!"
time="2021-06-18 23:17:07" level=info msg="验证通过-- 639185604101"
time="2021-06-18 23:17:32" level=info msg="| 200 |  25.63850177s |   31.219.85.226 | POST | /phone/getallgroups |"
time="2021-06-18 23:18:41" level=info msg="run server!"
time="2021-06-18 23:18:51" level=info msg="验证通过-- 639185604101"
time="2021-06-18 23:19:13" level=info msg="| 200 | 22.637690265s |   31.219.85.226 | POST | /phone/getallgroups |"
time="2021-06-18 23:20:51" level=info msg="验证通过-- 639185604101"
time="2021-06-18 23:28:49" level=info msg="run server!"
time="2021-06-18 23:29:01" level=info msg="验证通过-- 639185604101"
time="2021-06-18 23:29:29" level=info msg="run server!"
time="2021-06-18 23:29:53" level=info msg="验证通过-- 639185604101"
time="2021-06-18 23:31:49" level=info msg="run server!"
time="2021-06-18 23:31:55" level=info msg="验证通过-- 639185604101"
time="2021-06-18 23:34:54" level=info msg="run server!"
time="2021-06-18 23:34:54" level=info msg="验证通过-- 639185604101"
time="2021-06-18 23:51:24" level=info msg="run server!"
time="2021-06-18 23:51:46" level=info msg="验证通过-- 639185604101"
time="2021-06-18 23:52:15" level=info msg="| 200 | 41.948315268s |   31.219.85.226 | POST | /phone/getallchats |"
time="2021-06-18 23:59:28" level=info msg="| 404 |       6.176µs |  193.118.53.202 | GET | / |"
