time="2021-06-14 02:01:58" level=info msg="Authorization Ready! Let's rock639185604101"
time="2021-06-14 02:01:58" level=info msg="run server!"
time="2021-06-14 02:03:39" level=info msg="Authorization Ready! Let's rock639185604101"
time="2021-06-14 02:03:39" level=info msg="run server!"
time="2021-06-14 02:10:15" level=info msg="Authorization Ready! Let's rock639185604101"
time="2021-06-14 02:10:15" level=info msg="run server!"
time="2021-06-14 02:58:01" level=info msg="验证通过639185604101"
time="2021-06-14 02:58:01" level=info msg="run server!"
time="2021-06-14 02:59:36" level=info msg="验证通过-- 639185604101"
time="2021-06-14 02:59:36" level=info msg="run server!"
time="2021-06-14 03:00:00" level=info msg="发送消息639185604101发送文件"
time="2021-06-14 03:01:00" level=info msg="发送消息639185604101发送文件"
time="2021-06-14 03:02:00" level=info msg="发送消息639185604101发送文件"
time="2021-06-14 03:03:00" level=info msg="发送消息639185604101发送文件"
time="2021-06-14 03:04:00" level=info msg="发送消息639185604101发送文件"
time="2021-06-14 03:05:00" level=info msg="发送消息639185604101发送文件"
time="2021-06-14 06:43:12" level=info msg="验证通过-- 639185604101"
time="2021-06-14 06:43:12" level=info msg="run server!"
time="2021-06-14 06:44:00" level=info msg="发送消息639185604101发送文件"
time="2021-06-14 06:45:33" level=info msg="验证通过-- 639185604101"
time="2021-06-14 06:45:33" level=info msg="run server!"
time="2021-06-14 06:46:00" level=info msg="发送消息639185604101发送文件"
time="2021-06-14 06:47:21" level=info msg="验证通过-- 639185604101"
time="2021-06-14 06:47:21" level=info msg="run server!"
time="2021-06-14 06:48:00" level=info msg="发送消息639185604101发送文件"
time="2021-06-14 06:48:00" level=info msg="找不到组, 发大财"
time="2021-06-14 06:49:00" level=info msg="发送消息639185604101发送文件"
time="2021-06-14 06:49:00" level=info msg="找不到组, 发大财"
time="2021-06-14 06:49:57" level=info msg="| 200 |  8.322473338s |   192.168.8.126 | POST | /phone/invatefriends |"
time="2021-06-14 06:50:00" level=info msg="发送消息639185604101发送文件"
time="2021-06-14 06:50:00" level=info msg="找不到组, 发大财"
time="2021-06-14 06:51:51" level=info msg="验证通过-- 639185604101"
time="2021-06-14 06:51:51" level=info msg="run server!"
time="2021-06-14 06:52:00" level=info msg="发送消息639185604101发送文件"
time="2021-06-14 06:52:00" level=info msg="找不到组, 发大财"
time="2021-06-14 06:52:44" level=info msg="| 200 | 27.010271894s |   192.168.8.126 | POST | /phone/invatefriends |"
time="2021-06-14 06:53:00" level=info msg="发送消息639185604101发送文件"
time="2021-06-14 06:53:00" level=info msg="找不到组, 发大财"
time="2021-06-14 06:56:02" level=info msg="验证通过-- 639185604101"
time="2021-06-14 06:56:02" level=info msg="run server!"
time="2021-06-14 06:57:00" level=info msg="发送消息639185604101发送文件"
time="2021-06-14 06:57:00" level=info msg="找不到组, 发大财"
time="2021-06-14 07:52:37" level=info msg="验证通过-- 639185604101"
time="2021-06-14 07:52:37" level=info msg="run server!"
time="2021-06-14 07:53:39" level=info msg="验证通过-- 639185604101"
time="2021-06-14 07:53:39" level=info msg="run server!"
time="2021-06-14 07:54:00" level=info msg="发送消息639185604101发送文件"
time="2021-06-14 07:54:44" level=info msg="验证通过-- 639185604101"
time="2021-06-14 07:54:44" level=info msg="run server!"
time="2021-06-14 07:55:00" level=info msg="发送消息639185604101发送文件"
time="2021-06-14 07:58:10" level=info msg="验证通过-- 639185604101"
time="2021-06-14 07:58:10" level=info msg="run server!"
time="2021-06-14 07:59:00" level=info msg="发送消息639185604101发送文件"
time="2021-06-14 07:59:42" level=info msg="验证通过-- 639185604101"
time="2021-06-14 07:59:42" level=info msg="run server!"
time="2021-06-14 08:00:00" level=info msg="发送消息639185604101发送文件"
time="2021-06-14 08:13:22" level=info msg="验证通过-- 639185604101"
time="2021-06-14 08:13:22" level=info msg="run server!"
time="2021-06-14 08:14:00" level=info msg="发送消息639185604101发送文件"
time="2021-06-14 08:22:52" level=info msg="验证通过-- 639185604101"
time="2021-06-14 08:22:52" level=info msg="run server!"
time="2021-06-14 08:23:00" level=info msg="发送消息639185604101发送文件"
time="2021-06-14 08:23:29" level=info msg="验证通过-- 639185604101"
time="2021-06-14 08:23:29" level=info msg="run server!"
time="2021-06-14 08:24:00" level=info msg="发送消息639185604101发送文件"
time="2021-06-14 08:24:56" level=info msg="验证通过-- 639185604101"
time="2021-06-14 08:24:56" level=info msg="run server!"
time="2021-06-14 08:25:00" level=info msg="发送消息639185604101发送文件"
time="2021-06-14 08:26:00" level=info msg="发送消息639185604101发送文件"
time="2021-06-14 08:51:16" level=info msg="验证通过-- 639185604101"
time="2021-06-14 08:51:16" level=info msg="run server!"
time="2021-06-14 08:52:00" level=info msg="发送消息639185604101发送文件"
time="2021-06-14 08:52:53" level=info msg="验证通过-- 639185604101"
time="2021-06-14 08:52:53" level=info msg="run server!"
time="2021-06-14 08:53:00" level=info msg="发送消息639185604101发送文件"
time="2021-06-14 10:57:25" level=info msg="验证通过-- 639185604101"
time="2021-06-14 10:57:25" level=info msg="run server!"
time="2021-06-14 10:58:02" level=info msg="验证通过-- 639185604101"
time="2021-06-14 10:58:02" level=info msg="run server!"
time="2021-06-14 10:59:01" level=info msg="验证通过-- 639185604101"
time="2021-06-14 10:59:01" level=info msg="run server!"
time="2021-06-14 11:23:42" level=info msg="验证通过-- 639185604101"
time="2021-06-14 11:23:42" level=info msg="run server!"
time="2021-06-14 11:26:27" level=info msg="验证通过-- 639185604101"
time="2021-06-14 11:26:27" level=info msg="run server!"
time="2021-06-14 11:26:50" level=info msg="验证通过-- 639185604101"
time="2021-06-14 11:26:50" level=info msg="run server!"
time="2021-06-14 11:27:03" level=info msg="发送消息639185604101发送文件"
time="2021-06-14 11:29:37" level=info msg="验证通过-- 639185604101"
time="2021-06-14 11:29:37" level=info msg="run server!"
time="2021-06-14 11:30:00" level=info msg="发送消息639185604101发送文件"
time="2021-06-14 11:30:00" level=info msg="找不到组, 怎么赚大钱"
time="2021-06-14 11:31:00" level=info msg="发送消息639185604101发送文件"
time="2021-06-14 11:31:00" level=info msg="找不到组, 怎么赚大钱"
time="2021-06-14 11:32:00" level=info msg="发送消息639185604101发送文件"
time="2021-06-14 11:32:00" level=info msg="找不到组, 怎么赚大钱"
time="2021-06-14 11:33:00" level=info msg="发送消息639185604101发送文件"
time="2021-06-14 11:33:00" level=info msg="找不到组, 怎么赚大钱"
time="2021-06-14 11:34:00" level=info msg="发送消息639185604101发送文件"
time="2021-06-14 11:34:00" level=info msg="找不到组, 怎么赚大钱"
time="2021-06-14 11:35:00" level=info msg="发送消息639185604101发送文件"
time="2021-06-14 11:35:00" level=info msg="找不到组, 怎么赚大钱"
time="2021-06-14 11:40:51" level=info msg="验证通过-- 639185604101"
time="2021-06-14 11:40:51" level=info msg="run server!"
time="2021-06-14 11:41:00" level=info msg="发送消息639185604101发送文件"
time="2021-06-14 11:41:00" level=info msg="找不到组, 怎么赚大钱"
time="2021-06-14 11:53:51" level=info msg="验证通过-- 639185604101"
time="2021-06-14 11:53:51" level=info msg="run server!"
time="2021-06-14 11:54:00" level=info msg="发送消息639185604101发送文件"
time="2021-06-14 11:54:00" level=info msg="找不到组, 怎么赚大钱"
time="2021-06-14 11:55:00" level=info msg="发送消息639185604101发送文件"
time="2021-06-14 11:55:00" level=info msg="找不到组, 怎么赚大钱"
time="2021-06-14 11:56:00" level=info msg="发送消息639185604101发送文件"
time="2021-06-14 11:56:00" level=info msg="找不到组, 怎么赚大钱"
time="2021-06-14 11:57:00" level=info msg="发送消息639185604101发送文件"
time="2021-06-14 11:57:00" level=info msg="找不到组, 怎么赚大钱"
time="2021-06-14 11:58:00" level=info msg="发送消息639185604101发送文件"
time="2021-06-14 11:58:00" level=info msg="找不到组, 怎么赚大钱"
time="2021-06-14 12:19:37" level=info msg="验证通过-- 639185604101"
time="2021-06-14 12:19:37" level=info msg="run server!"
time="2021-06-14 12:20:00" level=info msg="发送消息639185604101发送文件"
time="2021-06-14 12:20:00" level=info msg="找不到组, 怎么赚大钱"
time="2021-06-14 12:21:00" level=info msg="发送消息639185604101发送文件"
time="2021-06-14 12:21:00" level=info msg="找不到组, 怎么赚大钱"
time="2021-06-14 12:21:14" level=info msg="| 200 | 19.773806894s |   192.168.8.126 | POST | /phone/invatefriends |"
time="2021-06-14 12:22:00" level=info msg="发送消息639185604101发送文件"
time="2021-06-14 12:22:00" level=info msg="找不到组, 怎么赚大钱"
time="2021-06-14 12:23:00" level=info msg="发送消息639185604101发送文件"
time="2021-06-14 12:23:00" level=info msg="找不到组, 怎么赚大钱"
time="2021-06-14 12:24:00" level=info msg="发送消息639185604101发送文件"
time="2021-06-14 12:24:00" level=info msg="找不到组, 怎么赚大钱"
time="2021-06-14 12:26:14" level=info msg="验证通过-- 639185604101"
time="2021-06-14 12:26:14" level=info msg="run server!"
time="2021-06-14 12:27:00" level=info msg="发送消息639185604101发送文件"
time="2021-06-14 12:27:00" level=info msg="找不到组, 怎么赚大钱"
time="2021-06-14 12:27:36" level=info msg="| 200 | 16.741836175s |   192.168.8.126 | POST | /phone/invatefriends |"
time="2021-06-14 12:28:00" level=info msg="发送消息639185604101发送文件"
time="2021-06-14 12:28:00" level=info msg="找不到组, 怎么赚大钱"
time="2021-06-14 12:29:00" level=info msg="发送消息639185604101发送文件"
time="2021-06-14 12:29:00" level=info msg="找不到组, 怎么赚大钱"
time="2021-06-14 12:30:00" level=info msg="发送消息639185604101发送文件"
time="2021-06-14 12:30:00" level=info msg="找不到组, 怎么赚大钱"
