time="2021-06-15 02:57:25" level=info msg="验证通过-- 639185604101"
time="2021-06-15 02:57:25" level=info msg="run server!"
time="2021-06-15 02:58:00" level=info msg="发送消息639185604101发送文件"
time="2021-06-15 02:58:00" level=info msg="找不到组, 怎么赚大钱"
time="2021-06-15 02:59:00" level=info msg="发送消息639185604101发送文件"
time="2021-06-15 02:59:00" level=info msg="找不到组, 怎么赚大钱"
time="2021-06-15 03:00:00" level=info msg="发送消息639185604101发送文件"
time="2021-06-15 03:00:00" level=info msg="找不到组, 怎么赚大钱"
time="2021-06-15 03:01:00" level=info msg="发送消息639185604101发送文件"
time="2021-06-15 03:01:00" level=info msg="找不到组, 怎么赚大钱"
time="2021-06-15 03:02:00" level=info msg="发送消息639185604101发送文件"
time="2021-06-15 03:02:00" level=info msg="找不到组, 怎么赚大钱"
time="2021-06-15 03:03:00" level=info msg="发送消息639185604101发送文件"
time="2021-06-15 03:03:00" level=info msg="找不到组, 怎么赚大钱"
time="2021-06-15 03:04:00" level=info msg="发送消息639185604101发送文件"
time="2021-06-15 03:04:00" level=info msg="找不到组, 怎么赚大钱"
time="2021-06-15 03:05:00" level=info msg="发送消息639185604101发送文件"
time="2021-06-15 03:05:00" level=info msg="找不到组, 怎么赚大钱"
time="2021-06-15 03:06:00" level=info msg="发送消息639185604101发送文件"
time="2021-06-15 03:06:00" level=info msg="找不到组, 怎么赚大钱"
time="2021-06-15 03:07:00" level=info msg="发送消息639185604101发送文件"
time="2021-06-15 03:07:00" level=info msg="找不到组, 怎么赚大钱"
time="2021-06-15 03:08:00" level=info msg="发送消息639185604101发送文件"
time="2021-06-15 03:08:00" level=info msg="找不到组, 怎么赚大钱"
time="2021-06-15 03:09:00" level=info msg="发送消息639185604101发送文件"
time="2021-06-15 03:09:00" level=info msg="找不到组, 怎么赚大钱"
time="2021-06-15 08:48:11" level=info msg="验证通过-- 639185604101"
time="2021-06-15 08:48:11" level=info msg="run server!"
time="2021-06-15 08:49:00" level=info msg="发送消息639185604101发送文件"
time="2021-06-15 08:49:00" level=info msg="找不到组, 怎么赚大钱"
time="2021-06-15 08:50:39" level=info msg="发送消息639185604101发送文件"
time="2021-06-15 08:50:40" level=info msg="找不到组, 怎么赚大钱"
time="2021-06-15 08:51:13" level=info msg="发送消息639185604101发送文件"
time="2021-06-15 08:51:15" level=info msg="| 200 | 1m42.280778197s |   192.168.8.126 | POST | /phone/invatefriends |"
time="2021-06-15 08:51:15" level=info msg="找不到组, 怎么赚大钱"
time="2021-06-15 08:54:38" level=info msg="验证通过-- 639185604101"
time="2021-06-15 08:54:38" level=info msg="run server!"
time="2021-06-15 09:00:40" level=info msg="验证通过-- 639185604101"
time="2021-06-15 09:00:40" level=info msg="run server!"
time="2021-06-15 09:01:00" level=info msg="发送消息639185604101发送文件"
time="2021-06-15 09:01:00" level=info msg="找不到组, 怎么赚大钱"
time="2021-06-15 09:42:02" level=info msg="验证通过-- 639185604101"
time="2021-06-15 09:42:02" level=info msg="run server!"
time="2021-06-15 10:02:40" level=info msg="验证通过-- 639185604101"
time="2021-06-15 10:02:40" level=info msg="run server!"
time="2021-06-15 10:03:00" level=info msg="发送消息639185604101发送文件"
time="2021-06-15 10:03:00" level=info msg="找不到组, 怎么赚大钱"
time="2021-06-15 10:03:07" level=info msg="| 200 |  387.182075ms |   192.168.8.126 | POST | /phone/invatefriends |"
time="2021-06-15 10:06:30" level=info msg="验证通过-- 639185604101"
time="2021-06-15 10:06:30" level=info msg="run server!"
time="2021-06-15 10:07:03" level=info msg="发送消息639185604101发送文件"
time="2021-06-15 10:07:28" level=info msg="| 200 | 42.935275015s |   192.168.8.126 | POST | /phone/invatefriends |"
time="2021-06-15 10:08:00" level=info msg="发送消息639185604101发送文件"
